<?xml version="1.0" encoding="UTF-8"?>
<coverage generated="1723533417436" clover="3.2.0">
  <project timestamp="1723533417436" name="All files">
    <metrics statements="94" coveredstatements="94" conditionals="16" coveredconditionals="16" methods="8" coveredmethods="8" elements="118" coveredelements="118" complexity="0" loc="94" ncloc="94" packages="5" files="8" classes="8"/>
    <package name="my-nodejs-app">
      <metrics statements="8" coveredstatements="8" conditionals="0" coveredconditionals="0" methods="0" coveredmethods="0"/>
      <file name="app.js" path="D:\Poc's\my-nodejs-app\app.js">
        <metrics statements="8" coveredstatements="8" conditionals="0" coveredconditionals="0" methods="0" coveredmethods="0"/>
        <line num="1" count="2" type="stmt"/>
        <line num="2" count="2" type="stmt"/>
        <line num="3" count="2" type="stmt"/>
        <line num="5" count="2" type="stmt"/>
        <line num="8" count="2" type="stmt"/>
        <line num="11" count="2" type="stmt"/>
        <line num="12" count="2" type="stmt"/>
        <line num="15" count="2" type="stmt"/>
      </file>
    </package>
    <package name="my-nodejs-app.controllers">
      <metrics statements="54" coveredstatements="54" conditionals="10" coveredconditionals="10" methods="6" coveredmethods="6"/>
      <file name="authController.js" path="D:\Poc's\my-nodejs-app\controllers\authController.js">
        <metrics statements="25" coveredstatements="25" conditionals="6" coveredconditionals="6" methods="2" coveredmethods="2"/>
        <line num="1" count="2" type="stmt"/>
        <line num="2" count="2" type="stmt"/>
        <line num="3" count="2" type="stmt"/>
        <line num="5" count="2" type="stmt"/>
        <line num="6" count="3" type="stmt"/>
        <line num="7" count="3" type="stmt"/>
        <line num="10" count="3" type="stmt"/>
        <line num="11" count="2" type="cond" truecount="2" falsecount="0"/>
        <line num="14" count="1" type="stmt"/>
        <line num="15" count="1" type="stmt"/>
        <line num="21" count="1" type="stmt"/>
        <line num="23" count="1" type="stmt"/>
        <line num="25" count="1" type="stmt"/>
        <line num="26" count="1" type="stmt"/>
        <line num="31" count="2" type="stmt"/>
        <line num="32" count="4" type="stmt"/>
        <line num="33" count="4" type="stmt"/>
        <line num="34" count="4" type="stmt"/>
        <line num="35" count="3" type="cond" truecount="2" falsecount="0"/>
        <line num="37" count="2" type="stmt"/>
        <line num="38" count="2" type="cond" truecount="2" falsecount="0"/>
        <line num="39" count="1" type="stmt"/>
        <line num="41" count="1" type="stmt"/>
        <line num="43" count="1" type="stmt"/>
        <line num="44" count="1" type="stmt"/>
      </file>
      <file name="itemController.js" path="D:\Poc's\my-nodejs-app\controllers\itemController.js">
        <metrics statements="29" coveredstatements="29" conditionals="4" coveredconditionals="4" methods="4" coveredmethods="4"/>
        <line num="1" count="2" type="stmt"/>
        <line num="3" count="2" type="stmt"/>
        <line num="4" count="2" type="stmt"/>
        <line num="5" count="2" type="stmt"/>
        <line num="6" count="1" type="stmt"/>
        <line num="8" count="1" type="stmt"/>
        <line num="9" count="1" type="stmt"/>
        <line num="13" count="2" type="stmt"/>
        <line num="14" count="3" type="stmt"/>
        <line num="16" count="3" type="cond" truecount="4" falsecount="0"/>
        <line num="17" count="1" type="stmt"/>
        <line num="20" count="2" type="stmt"/>
        <line num="25" count="2" type="stmt"/>
        <line num="26" count="2" type="stmt"/>
        <line num="27" count="1" type="stmt"/>
        <line num="29" count="1" type="stmt"/>
        <line num="30" count="1" type="stmt"/>
        <line num="34" count="2" type="stmt"/>
        <line num="35" count="2" type="stmt"/>
        <line num="36" count="2" type="stmt"/>
        <line num="37" count="1" type="stmt"/>
        <line num="39" count="1" type="stmt"/>
        <line num="40" count="1" type="stmt"/>
        <line num="44" count="2" type="stmt"/>
        <line num="45" count="2" type="stmt"/>
        <line num="46" count="2" type="stmt"/>
        <line num="47" count="1" type="stmt"/>
        <line num="49" count="1" type="stmt"/>
        <line num="50" count="1" type="stmt"/>
      </file>
    </package>
    <package name="my-nodejs-app.middleware">
      <metrics statements="12" coveredstatements="12" conditionals="6" coveredconditionals="6" methods="2" coveredmethods="2"/>
      <file name="authMiddleware.js" path="D:\Poc's\my-nodejs-app\middleware\authMiddleware.js">
        <metrics statements="12" coveredstatements="12" conditionals="6" coveredconditionals="6" methods="2" coveredmethods="2"/>
        <line num="1" count="2" type="stmt"/>
        <line num="3" count="2" type="stmt"/>
        <line num="4" count="3" type="stmt"/>
        <line num="7" count="3" type="cond" truecount="2" falsecount="0"/>
        <line num="10" count="3" type="cond" truecount="2" falsecount="0"/>
        <line num="11" count="1" type="stmt"/>
        <line num="15" count="2" type="stmt"/>
        <line num="16" count="2" type="cond" truecount="2" falsecount="0"/>
        <line num="17" count="1" type="stmt"/>
        <line num="18" count="1" type="stmt"/>
        <line num="20" count="1" type="stmt"/>
        <line num="21" count="1" type="stmt"/>
      </file>
    </package>
    <package name="my-nodejs-app.models">
      <metrics statements="7" coveredstatements="7" conditionals="0" coveredconditionals="0" methods="0" coveredmethods="0"/>
      <file name="item.js" path="D:\Poc's\my-nodejs-app\models\item.js">
        <metrics statements="3" coveredstatements="3" conditionals="0" coveredconditionals="0" methods="0" coveredmethods="0"/>
        <line num="1" count="2" type="stmt"/>
        <line num="2" count="2" type="stmt"/>
        <line num="14" count="2" type="stmt"/>
      </file>
      <file name="user.js" path="D:\Poc's\my-nodejs-app\models\user.js">
        <metrics statements="4" coveredstatements="4" conditionals="0" coveredconditionals="0" methods="0" coveredmethods="0"/>
        <line num="1" count="2" type="stmt"/>
        <line num="3" count="2" type="stmt"/>
        <line num="24" count="2" type="stmt"/>
        <line num="25" count="2" type="stmt"/>
      </file>
    </package>
    <package name="my-nodejs-app.routes">
      <metrics statements="13" coveredstatements="13" conditionals="0" coveredconditionals="0" methods="0" coveredmethods="0"/>
      <file name="authRoutes.js" path="D:\Poc's\my-nodejs-app\routes\authRoutes.js">
        <metrics statements="5" coveredstatements="5" conditionals="0" coveredconditionals="0" methods="0" coveredmethods="0"/>
        <line num="1" count="2" type="stmt"/>
        <line num="2" count="2" type="stmt"/>
        <line num="4" count="2" type="stmt"/>
        <line num="5" count="2" type="stmt"/>
        <line num="7" count="2" type="stmt"/>
      </file>
      <file name="itemRoutes.js" path="D:\Poc's\my-nodejs-app\routes\itemRoutes.js">
        <metrics statements="8" coveredstatements="8" conditionals="0" coveredconditionals="0" methods="0" coveredmethods="0"/>
        <line num="1" count="2" type="stmt"/>
        <line num="2" count="2" type="stmt"/>
        <line num="3" count="2" type="stmt"/>
        <line num="5" count="2" type="stmt"/>
        <line num="6" count="2" type="stmt"/>
        <line num="7" count="2" type="stmt"/>
        <line num="8" count="2" type="stmt"/>
        <line num="10" count="2" type="stmt"/>
      </file>
    </package>
  </project>
</coverage>
