{"D:\\Poc's\\my-nodejs-app\\app.js": {"path":"D:\\Poc's\\my-nodejs-app\\app.js","statementMap":{"0":{"start":{"line":1,"column":16},"end":{"line":1,"column":34}},"1":{"start":{"line":2,"column":19},"end":{"line":2,"column":49}},"2":{"start":{"line":3,"column":19},"end":{"line":3,"column":49}},"3":{"start":{"line":5,"column":12},"end":{"line":5,"column":21}},"4":{"start":{"line":8,"column":0},"end":{"line":8,"column":24}},"5":{"start":{"line":11,"column":0},"end":{"line":11,"column":33}},"6":{"start":{"line":12,"column":0},"end":{"line":12,"column":34}},"7":{"start":{"line":15,"column":0},"end":{"line":15,"column":21}}},"fnMap":{},"branchMap":{},"s":{"0":2,"1":2,"2":2,"3":2,"4":2,"5":2,"6":2,"7":2},"f":{},"b":{},"_coverageSchema":"1a1c01bbd47fc00a2c39e90264f33305004495a9","hash":"d7bb94f6654640811e1d66250cfeb70689f1c721"}
,"D:\\Poc's\\my-nodejs-app\\controllers\\authController.js": {"path":"D:\\Poc's\\my-nodejs-app\\controllers\\authController.js","statementMap":{"0":{"start":{"line":1,"column":11},"end":{"line":1,"column":36}},"1":{"start":{"line":2,"column":14},"end":{"line":2,"column":33}},"2":{"start":{"line":3,"column":12},"end":{"line":3,"column":35}},"3":{"start":{"line":5,"column":0},"end":{"line":28,"column":2}},"4":{"start":{"line":6,"column":4},"end":{"line":27,"column":5}},"5":{"start":{"line":7,"column":43},"end":{"line":7,"column":51}},"6":{"start":{"line":10,"column":29},"end":{"line":10,"column":58}},"7":{"start":{"line":11,"column":8},"end":{"line":11,"column":90}},"8":{"start":{"line":11,"column":26},"end":{"line":11,"column":90}},"9":{"start":{"line":14,"column":31},"end":{"line":14,"column":63}},"10":{"start":{"line":15,"column":21},"end":{"line":19,"column":10}},"11":{"start":{"line":21,"column":26},"end":{"line":21,"column":43}},"12":{"start":{"line":23,"column":8},"end":{"line":23,"column":71}},"13":{"start":{"line":25,"column":8},"end":{"line":25,"column":42}},"14":{"start":{"line":26,"column":8},"end":{"line":26,"column":55}},"15":{"start":{"line":31,"column":0},"end":{"line":47,"column":1}},"16":{"start":{"line":32,"column":28},"end":{"line":32,"column":36}},"17":{"start":{"line":33,"column":4},"end":{"line":45,"column":5}},"18":{"start":{"line":34,"column":19},"end":{"line":34,"column":46}},"19":{"start":{"line":35,"column":8},"end":{"line":35,"column":76}},"20":{"start":{"line":35,"column":18},"end":{"line":35,"column":76}},"21":{"start":{"line":37,"column":24},"end":{"line":37,"column":70}},"22":{"start":{"line":38,"column":8},"end":{"line":38,"column":70}},"23":{"start":{"line":38,"column":23},"end":{"line":38,"column":70}},"24":{"start":{"line":39,"column":20},"end":{"line":39,"column":107}},"25":{"start":{"line":41,"column":8},"end":{"line":41,"column":79}},"26":{"start":{"line":43,"column":8},"end":{"line":43,"column":44}},"27":{"start":{"line":44,"column":8},"end":{"line":44,"column":57}}},"fnMap":{"0":{"name":"(anonymous_0)","decl":{"start":{"line":5,"column":17},"end":{"line":5,"column":18}},"loc":{"start":{"line":5,"column":37},"end":{"line":28,"column":1}},"line":5},"1":{"name":"(anonymous_1)","decl":{"start":{"line":31,"column":15},"end":{"line":31,"column":16}},"loc":{"start":{"line":31,"column":31},"end":{"line":47,"column":1}},"line":31}},"branchMap":{"0":{"loc":{"start":{"line":11,"column":8},"end":{"line":11,"column":90}},"type":"if","locations":[{"start":{"line":11,"column":8},"end":{"line":11,"column":90}},{"start":{},"end":{}}],"line":11},"1":{"loc":{"start":{"line":35,"column":8},"end":{"line":35,"column":76}},"type":"if","locations":[{"start":{"line":35,"column":8},"end":{"line":35,"column":76}},{"start":{},"end":{}}],"line":35},"2":{"loc":{"start":{"line":38,"column":8},"end":{"line":38,"column":70}},"type":"if","locations":[{"start":{"line":38,"column":8},"end":{"line":38,"column":70}},{"start":{},"end":{}}],"line":38}},"s":{"0":2,"1":2,"2":2,"3":2,"4":3,"5":3,"6":3,"7":2,"8":1,"9":1,"10":1,"11":1,"12":1,"13":1,"14":1,"15":2,"16":4,"17":4,"18":4,"19":3,"20":1,"21":2,"22":2,"23":1,"24":1,"25":1,"26":1,"27":1},"f":{"0":3,"1":4},"b":{"0":[1,1],"1":[1,2],"2":[1,1]},"_coverageSchema":"1a1c01bbd47fc00a2c39e90264f33305004495a9","hash":"f7639b18b54abef25f46aff17fa6e23b3249b997"}
,"D:\\Poc's\\my-nodejs-app\\controllers\\itemController.js": {"path":"D:\\Poc's\\my-nodejs-app\\controllers\\itemController.js","statementMap":{"0":{"start":{"line":1,"column":11},"end":{"line":1,"column":36}},"1":{"start":{"line":3,"column":0},"end":{"line":11,"column":1}},"2":{"start":{"line":4,"column":4},"end":{"line":10,"column":5}},"3":{"start":{"line":5,"column":20},"end":{"line":5,"column":37}},"4":{"start":{"line":6,"column":8},"end":{"line":6,"column":23}},"5":{"start":{"line":8,"column":8},"end":{"line":8,"column":27}},"6":{"start":{"line":9,"column":8},"end":{"line":9,"column":52}},"7":{"start":{"line":13,"column":0},"end":{"line":32,"column":2}},"8":{"start":{"line":14,"column":34},"end":{"line":14,"column":42}},"9":{"start":{"line":16,"column":4},"end":{"line":18,"column":5}},"10":{"start":{"line":17,"column":8},"end":{"line":17,"column":73}},"11":{"start":{"line":20,"column":17},"end":{"line":23,"column":6}},"12":{"start":{"line":25,"column":4},"end":{"line":31,"column":5}},"13":{"start":{"line":26,"column":26},"end":{"line":26,"column":43}},"14":{"start":{"line":27,"column":8},"end":{"line":27,"column":40}},"15":{"start":{"line":29,"column":8},"end":{"line":29,"column":25}},"16":{"start":{"line":30,"column":8},"end":{"line":30,"column":49}},"17":{"start":{"line":34,"column":0},"end":{"line":42,"column":1}},"18":{"start":{"line":35,"column":4},"end":{"line":41,"column":5}},"19":{"start":{"line":36,"column":25},"end":{"line":36,"column":90}},"20":{"start":{"line":37,"column":8},"end":{"line":37,"column":28}},"21":{"start":{"line":39,"column":8},"end":{"line":39,"column":27}},"22":{"start":{"line":40,"column":8},"end":{"line":40,"column":51}},"23":{"start":{"line":44,"column":0},"end":{"line":52,"column":1}},"24":{"start":{"line":45,"column":4},"end":{"line":51,"column":5}},"25":{"start":{"line":46,"column":26},"end":{"line":46,"column":69}},"26":{"start":{"line":47,"column":8},"end":{"line":47,"column":58}},"27":{"start":{"line":49,"column":8},"end":{"line":49,"column":27}},"28":{"start":{"line":50,"column":8},"end":{"line":50,"column":51}}},"fnMap":{"0":{"name":"(anonymous_0)","decl":{"start":{"line":3,"column":17},"end":{"line":3,"column":18}},"loc":{"start":{"line":3,"column":34},"end":{"line":11,"column":1}},"line":3},"1":{"name":"(anonymous_1)","decl":{"start":{"line":13,"column":21},"end":{"line":13,"column":22}},"loc":{"start":{"line":13,"column":41},"end":{"line":32,"column":1}},"line":13},"2":{"name":"(anonymous_2)","decl":{"start":{"line":34,"column":19},"end":{"line":34,"column":20}},"loc":{"start":{"line":34,"column":36},"end":{"line":42,"column":1}},"line":34},"3":{"name":"(anonymous_3)","decl":{"start":{"line":44,"column":19},"end":{"line":44,"column":20}},"loc":{"start":{"line":44,"column":36},"end":{"line":52,"column":1}},"line":44}},"branchMap":{"0":{"loc":{"start":{"line":16,"column":4},"end":{"line":18,"column":5}},"type":"if","locations":[{"start":{"line":16,"column":4},"end":{"line":18,"column":5}},{"start":{},"end":{}}],"line":16},"1":{"loc":{"start":{"line":16,"column":8},"end":{"line":16,"column":29}},"type":"binary-expr","locations":[{"start":{"line":16,"column":8},"end":{"line":16,"column":13}},{"start":{"line":16,"column":17},"end":{"line":16,"column":29}}],"line":16}},"s":{"0":2,"1":2,"2":2,"3":2,"4":1,"5":1,"6":1,"7":2,"8":3,"9":3,"10":1,"11":2,"12":2,"13":2,"14":1,"15":1,"16":1,"17":2,"18":2,"19":2,"20":1,"21":1,"22":1,"23":2,"24":2,"25":2,"26":1,"27":1,"28":1},"f":{"0":2,"1":3,"2":2,"3":2},"b":{"0":[1,2],"1":[3,3]},"_coverageSchema":"1a1c01bbd47fc00a2c39e90264f33305004495a9","hash":"5bc78dd0da18af73ff4c4fb6462c027650c1bb31"}
,"D:\\Poc's\\my-nodejs-app\\middleware\\authMiddleware.js": {"path":"D:\\Poc's\\my-nodejs-app\\middleware\\authMiddleware.js","statementMap":{"0":{"start":{"line":1,"column":10},"end":{"line":1,"column":33}},"1":{"start":{"line":3,"column":0},"end":{"line":24,"column":3}},"2":{"start":{"line":4,"column":23},"end":{"line":4,"column":51}},"3":{"start":{"line":7,"column":18},"end":{"line":7,"column":56}},"4":{"start":{"line":10,"column":4},"end":{"line":12,"column":5}},"5":{"start":{"line":11,"column":6},"end":{"line":11,"column":76}},"6":{"start":{"line":15,"column":4},"end":{"line":22,"column":7}},"7":{"start":{"line":16,"column":6},"end":{"line":19,"column":7}},"8":{"start":{"line":17,"column":8},"end":{"line":17,"column":25}},"9":{"start":{"line":18,"column":8},"end":{"line":18,"column":62}},"10":{"start":{"line":20,"column":6},"end":{"line":20,"column":22}},"11":{"start":{"line":21,"column":6},"end":{"line":21,"column":13}}},"fnMap":{"0":{"name":"(anonymous_0)","decl":{"start":{"line":3,"column":15},"end":{"line":3,"column":16}},"loc":{"start":{"line":3,"column":40},"end":{"line":24,"column":3}},"line":3},"1":{"name":"(anonymous_1)","decl":{"start":{"line":15,"column":48},"end":{"line":15,"column":49}},"loc":{"start":{"line":15,"column":63},"end":{"line":22,"column":5}},"line":15}},"branchMap":{"0":{"loc":{"start":{"line":7,"column":18},"end":{"line":7,"column":56}},"type":"binary-expr","locations":[{"start":{"line":7,"column":18},"end":{"line":7,"column":28}},{"start":{"line":7,"column":32},"end":{"line":7,"column":56}}],"line":7},"1":{"loc":{"start":{"line":10,"column":4},"end":{"line":12,"column":5}},"type":"if","locations":[{"start":{"line":10,"column":4},"end":{"line":12,"column":5}},{"start":{},"end":{}}],"line":10},"2":{"loc":{"start":{"line":16,"column":6},"end":{"line":19,"column":7}},"type":"if","locations":[{"start":{"line":16,"column":6},"end":{"line":19,"column":7}},{"start":{},"end":{}}],"line":16}},"s":{"0":2,"1":2,"2":3,"3":3,"4":3,"5":1,"6":2,"7":2,"8":1,"9":1,"10":1,"11":1},"f":{"0":3,"1":2},"b":{"0":[3,2],"1":[1,2],"2":[1,1]},"_coverageSchema":"1a1c01bbd47fc00a2c39e90264f33305004495a9","hash":"ce69f0cb9be84143b7217f4a9d7c75fdd8f785b0"}
,"D:\\Poc's\\my-nodejs-app\\models\\item.js": {"path":"D:\\Poc's\\my-nodejs-app\\models\\item.js","statementMap":{"0":{"start":{"line":1,"column":15},"end":{"line":1,"column":34}},"1":{"start":{"line":2,"column":17},"end":{"line":13,"column":1}},"2":{"start":{"line":14,"column":0},"end":{"line":14,"column":48}}},"fnMap":{},"branchMap":{},"s":{"0":2,"1":2,"2":2},"f":{},"b":{},"_coverageSchema":"1a1c01bbd47fc00a2c39e90264f33305004495a9","hash":"a50e75801e0fb66724528037767b2c3110b1969c"}
,"D:\\Poc's\\my-nodejs-app\\models\\user.js": {"path":"D:\\Poc's\\my-nodejs-app\\models\\user.js","statementMap":{"0":{"start":{"line":1,"column":15},"end":{"line":1,"column":34}},"1":{"start":{"line":3,"column":17},"end":{"line":22,"column":2}},"2":{"start":{"line":24,"column":11},"end":{"line":24,"column":48}},"3":{"start":{"line":25,"column":0},"end":{"line":25,"column":20}}},"fnMap":{},"branchMap":{},"s":{"0":2,"1":2,"2":2,"3":2},"f":{},"b":{},"_coverageSchema":"1a1c01bbd47fc00a2c39e90264f33305004495a9","hash":"05800d9059a56bb12c70aaa958fe6adacfa90665"}
,"D:\\Poc's\\my-nodejs-app\\routes\\authRoutes.js": {"path":"D:\\Poc's\\my-nodejs-app\\routes\\authRoutes.js","statementMap":{"0":{"start":{"line":1,"column":13},"end":{"line":1,"column":40}},"1":{"start":{"line":2,"column":21},"end":{"line":2,"column":61}},"2":{"start":{"line":4,"column":0},"end":{"line":4,"column":44}},"3":{"start":{"line":5,"column":0},"end":{"line":5,"column":45}},"4":{"start":{"line":7,"column":0},"end":{"line":7,"column":21}}},"fnMap":{},"branchMap":{},"s":{"0":2,"1":2,"2":2,"3":2,"4":2},"f":{},"b":{},"_coverageSchema":"1a1c01bbd47fc00a2c39e90264f33305004495a9","hash":"a967aa986a776c39e34bedee4e500d2878da0e67"}
,"D:\\Poc's\\my-nodejs-app\\routes\\itemRoutes.js": {"path":"D:\\Poc's\\my-nodejs-app\\routes\\itemRoutes.js","statementMap":{"0":{"start":{"line":1,"column":13},"end":{"line":1,"column":40}},"1":{"start":{"line":2,"column":20},"end":{"line":2,"column":60}},"2":{"start":{"line":3,"column":21},"end":{"line":3,"column":60}},"3":{"start":{"line":5,"column":0},"end":{"line":5,"column":53}},"4":{"start":{"line":6,"column":0},"end":{"line":6,"column":58}},"5":{"start":{"line":7,"column":0},"end":{"line":7,"column":59}},"6":{"start":{"line":8,"column":0},"end":{"line":8,"column":62}},"7":{"start":{"line":10,"column":0},"end":{"line":10,"column":21}}},"fnMap":{},"branchMap":{},"s":{"0":2,"1":2,"2":2,"3":2,"4":2,"5":2,"6":2,"7":2},"f":{},"b":{},"_coverageSchema":"1a1c01bbd47fc00a2c39e90264f33305004495a9","hash":"59b7bd4d01a6b2408448576d3e128ed563d56700"}
}
