TN:
SF:app.js
FNF:0
FNH:0
DA:1,2
DA:2,2
DA:3,2
DA:5,2
DA:8,2
DA:11,2
DA:12,2
DA:15,2
LF:8
LH:8
BRF:0
BRH:0
end_of_record
TN:
SF:controllers\authController.js
FN:5,(anonymous_0)
FN:31,(anonymous_1)
FNF:2
FNH:2
FNDA:3,(anonymous_0)
FNDA:4,(anonymous_1)
DA:1,2
DA:2,2
DA:3,2
DA:5,2
DA:6,3
DA:7,3
DA:10,3
DA:11,2
DA:14,1
DA:15,1
DA:21,1
DA:23,1
DA:25,1
DA:26,1
DA:31,2
DA:32,4
DA:33,4
DA:34,4
DA:35,3
DA:37,2
DA:38,2
DA:39,1
DA:41,1
DA:43,1
DA:44,1
LF:25
LH:25
BRDA:11,0,0,1
BRDA:11,0,1,1
BRDA:35,1,0,1
BRDA:35,1,1,2
BRDA:38,2,0,1
BRDA:38,2,1,1
BRF:6
BRH:6
end_of_record
TN:
SF:controllers\itemController.js
FN:3,(anonymous_0)
FN:13,(anonymous_1)
FN:34,(anonymous_2)
FN:44,(anonymous_3)
FNF:4
FNH:4
FNDA:2,(anonymous_0)
FNDA:3,(anonymous_1)
FNDA:2,(anonymous_2)
FNDA:2,(anonymous_3)
DA:1,2
DA:3,2
DA:4,2
DA:5,2
DA:6,1
DA:8,1
DA:9,1
DA:13,2
DA:14,3
DA:16,3
DA:17,1
DA:20,2
DA:25,2
DA:26,2
DA:27,1
DA:29,1
DA:30,1
DA:34,2
DA:35,2
DA:36,2
DA:37,1
DA:39,1
DA:40,1
DA:44,2
DA:45,2
DA:46,2
DA:47,1
DA:49,1
DA:50,1
LF:29
LH:29
BRDA:16,0,0,1
BRDA:16,0,1,2
BRDA:16,1,0,3
BRDA:16,1,1,3
BRF:4
BRH:4
end_of_record
TN:
SF:middleware\authMiddleware.js
FN:3,(anonymous_0)
FN:15,(anonymous_1)
FNF:2
FNH:2
FNDA:3,(anonymous_0)
FNDA:2,(anonymous_1)
DA:1,2
DA:3,2
DA:4,3
DA:7,3
DA:10,3
DA:11,1
DA:15,2
DA:16,2
DA:17,1
DA:18,1
DA:20,1
DA:21,1
LF:12
LH:12
BRDA:7,0,0,3
BRDA:7,0,1,2
BRDA:10,1,0,1
BRDA:10,1,1,2
BRDA:16,2,0,1
BRDA:16,2,1,1
BRF:6
BRH:6
end_of_record
TN:
SF:models\item.js
FNF:0
FNH:0
DA:1,2
DA:2,2
DA:14,2
LF:3
LH:3
BRF:0
BRH:0
end_of_record
TN:
SF:models\user.js
FNF:0
FNH:0
DA:1,2
DA:3,2
DA:24,2
DA:25,2
LF:4
LH:4
BRF:0
BRH:0
end_of_record
TN:
SF:routes\authRoutes.js
FNF:0
FNH:0
DA:1,2
DA:2,2
DA:4,2
DA:5,2
DA:7,2
LF:5
LH:5
BRF:0
BRH:0
end_of_record
TN:
SF:routes\itemRoutes.js
FNF:0
FNH:0
DA:1,2
DA:2,2
DA:3,2
DA:5,2
DA:6,2
DA:7,2
DA:8,2
DA:10,2
LF:8
LH:8
BRF:0
BRH:0
end_of_record
